<?xml version="1.0" encoding="UTF-8"?>
<!-- Generated by org.testng.reporters.JUnitReportReporter -->
<testsuite skipped="0" hostname="INLFMF92H2" name="com.project.php_travels.Test" tests="1" failures="0" timestamp="05 Jul 2017 03:37:38 GMT" time="5.208" errors="0">
  <testcase name="test" time="5.208" classname="com.project.php_travels.Test"/>
</testsuite> <!-- com.project.php_travels.Test -->
