<?xml version="1.0" encoding="UTF-8"?>
<!-- Generated by org.testng.reporters.JUnitReportReporter -->
<testsuite skipped="0" hostname="INLFMF92H2" name="com.project.php_travels.AppTest" tests="1" failures="0" timestamp="05 Jul 2017 03:37:39 GMT" time="0.000" errors="0">
  <testcase name="testApp" time="0.000" classname="com.project.php_travels.AppTest"/>
</testsuite> <!-- com.project.php_travels.AppTest -->
