<?xml version="1.0" encoding="UTF-8"?>
<!-- Generated by org.testng.reporters.JUnitReportReporter -->
<testsuite skipped="0" hostname="INLFMF92H2" name="testcases.Login_Tests" tests="1" failures="0" timestamp="14 Jul 2017 05:47:15 GMT" time="0.011" errors="0">
  <testcase name="homePageFrontEndLogin" time="0.011" classname="testcases.Login_Tests"/>
</testsuite> <!-- testcases.Login_Tests -->
